<?xml version="1.0" encoding="UTF-8"?>
<testsuite name="org.example.TestCashBoxes" tests="2" skipped="0" failures="0" errors="0" timestamp="2024-09-08T11:19:49" hostname="LAPTOP-5J1SDBD8" time="0.023">
  <properties/>
  <testcase name="Соответствие номинала ячейки номиналу банкноты" classname="org.example.TestCashBoxes" time="0.014"/>
  <testcase name="Проверка ячейки" classname="org.example.TestCashBoxes" time="0.008"/>
  <system-out><![CDATA[]]></system-out>
  <system-err><![CDATA[]]></system-err>
</testsuite>
